<?xml version="1.0" encoding="UTF-8"?>
<!-- Generated by org.testng.reporters.JUnitXMLReporter -->
<testsuite ignored="0" hostname="DESKTOP-FOMRVA1" failures="0" tests="4" name="SubmitOrderScenarios" time="25.449" errors="0" timestamp="2025-10-25T17:53:31 IST">
  <testcase classname="souravcompany.tests.StandAloneTest" name="orderHistoryTest" time="0.591"/>
  <testcase classname="souravcompany.tests.StandAloneTest" name="orderHistoryTest" time="0.593"/>
  <testcase classname="souravcompany.tests.StandAloneTest" name="submitOrder" time="6.215"/>
  <testcase classname="souravcompany.tests.StandAloneTest" name="submitOrder" time="6.612"/>
</testsuite> <!-- SubmitOrderScenarios -->
