<?xml version="1.0" encoding="UTF-8"?>
<!-- Generated by org.testng.reporters.JUnitXMLReporter -->
<testsuite ignored="0" hostname="DESKTOP-FOMRVA1" failures="0" tests="4" name="SubmitOrderScenarios" time="24.922" errors="0" timestamp="2025-11-30T12:34:28 IST">
  <testcase classname="souravcompany.tests.StandAloneTest" name="orderHistoryTest" time="0.649"/>
  <testcase classname="souravcompany.tests.StandAloneTest" name="orderHistoryTest" time="0.64"/>
  <testcase classname="souravcompany.tests.StandAloneTest" name="submitOrderTest" time="6.366"/>
  <testcase classname="souravcompany.tests.StandAloneTest" name="submitOrderTest" time="6.636"/>
</testsuite> <!-- SubmitOrderScenarios -->
