<?xml version="1.0" encoding="UTF-8"?>
<!-- Generated by org.testng.reporters.JUnitXMLReporter -->
<testsuite ignored="0" hostname="DESKTOP-FOMRVA1" failures="0" tests="4" name="SubmitOrderScenarios" time="31.312" errors="0" timestamp="2025-11-02T20:25:34 IST">
  <testcase classname="souravcompany.tests.StandAloneTest" name="orderHistoryTest" time="0.615"/>
  <testcase classname="souravcompany.tests.StandAloneTest" name="orderHistoryTest" time="0.633"/>
  <testcase classname="souravcompany.tests.StandAloneTest" name="submitOrderTest" time="6.341"/>
  <testcase classname="souravcompany.tests.StandAloneTest" name="submitOrderTest" time="6.33"/>
</testsuite> <!-- SubmitOrderScenarios -->
