<?xml version="1.0" encoding="UTF-8"?>
<!-- Generated by org.testng.reporters.JUnitXMLReporter -->
<testsuite ignored="0" hostname="DESKTOP-FOMRVA1" failures="0" tests="4" name="SubmitOrderScenarios" time="22.326" errors="0" timestamp="2025-11-30T12:35:25 IST">
  <testcase classname="souravcompany.tests.StandAloneTest" name="orderHistoryTest" time="0.635"/>
  <testcase classname="souravcompany.tests.StandAloneTest" name="orderHistoryTest" time="0.595"/>
  <testcase classname="souravcompany.tests.StandAloneTest" name="submitOrderTest" time="6.319"/>
  <testcase classname="souravcompany.tests.StandAloneTest" name="submitOrderTest" time="6.201"/>
</testsuite> <!-- SubmitOrderScenarios -->
