<?xml version="1.0" encoding="UTF-8"?>
<testng-results ignored="0" total="4" passed="4" failed="0" skipped="0">
  <reporter-output>
  </reporter-output>
  <suite started-at="2025-11-02T20:25:03 IST" name="Suite" finished-at="2025-11-02T20:25:34 IST" duration-ms="31312">
    <groups>
    </groups>
    <test started-at="2025-11-02T20:25:03 IST" name="SubmitOrderScenarios" finished-at="2025-11-02T20:25:34 IST" duration-ms="31312">
      <class name="souravcompany.tests.StandAloneTest">
        <test-method is-config="true" signature="goToApp()[pri:0, instance:souravcompany.tests.StandAloneTest@2d0399f4]" started-at="2025-11-02T20:25:03 IST" name="goToApp" finished-at="2025-11-02T20:25:10 IST" duration-ms="6986" status="PASS">
          <reporter-output>
          </reporter-output>
        </test-method> <!-- goToApp -->
        <test-method signature="orderHistoryTest(java.util.HashMap)[pri:0, instance:souravcompany.tests.StandAloneTest@2d0399f4]" started-at="2025-11-02T20:25:10 IST" name="orderHistoryTest" data-provider="getTestData" finished-at="2025-11-02T20:25:10 IST" duration-ms="615" status="PASS">
          <params>
            <param index="0">
              <value>
                <![CDATA[{password=Hambadolu@123, product=ZARA COAT 3, email=hambadolu123@gmail.com}]]>
              </value>
            </param>
          </params>
          <reporter-output>
          </reporter-output>
        </test-method> <!-- orderHistoryTest -->
        <test-method is-config="true" signature="quitDriver()[pri:0, instance:souravcompany.tests.StandAloneTest@2d0399f4]" started-at="2025-11-02T20:25:10 IST" name="quitDriver" finished-at="2025-11-02T20:25:11 IST" duration-ms="85" status="PASS">
          <reporter-output>
          </reporter-output>
        </test-method> <!-- quitDriver -->
        <test-method is-config="true" signature="goToApp()[pri:0, instance:souravcompany.tests.StandAloneTest@2d0399f4]" started-at="2025-11-02T20:25:11 IST" name="goToApp" finished-at="2025-11-02T20:25:14 IST" duration-ms="3681" status="PASS">
          <reporter-output>
          </reporter-output>
        </test-method> <!-- goToApp -->
        <test-method signature="orderHistoryTest(java.util.HashMap)[pri:0, instance:souravcompany.tests.StandAloneTest@2d0399f4]" started-at="2025-11-02T20:25:14 IST" name="orderHistoryTest" data-provider="getTestData" finished-at="2025-11-02T20:25:15 IST" duration-ms="633" status="PASS">
          <params>
            <param index="0">
              <value>
                <![CDATA[{password=Golumolu@123, product=ZARA COAT 3, email=golumolu@gmail.com}]]>
              </value>
            </param>
          </params>
          <reporter-output>
          </reporter-output>
        </test-method> <!-- orderHistoryTest -->
        <test-method is-config="true" signature="quitDriver()[pri:0, instance:souravcompany.tests.StandAloneTest@2d0399f4]" started-at="2025-11-02T20:25:15 IST" name="quitDriver" finished-at="2025-11-02T20:25:15 IST" duration-ms="85" status="PASS">
          <reporter-output>
          </reporter-output>
        </test-method> <!-- quitDriver -->
        <test-method is-config="true" signature="goToApp()[pri:0, instance:souravcompany.tests.StandAloneTest@2d0399f4]" started-at="2025-11-02T20:25:15 IST" name="goToApp" finished-at="2025-11-02T20:25:16 IST" duration-ms="1178" status="PASS">
          <reporter-output>
          </reporter-output>
        </test-method> <!-- goToApp -->
        <test-method signature="submitOrderTest(java.util.HashMap)[pri:0, instance:souravcompany.tests.StandAloneTest@2d0399f4]" started-at="2025-11-02T20:25:16 IST" name="submitOrderTest" data-provider="getTestData" finished-at="2025-11-02T20:25:22 IST" duration-ms="6341" status="PASS">
          <params>
            <param index="0">
              <value>
                <![CDATA[{password=Hambadolu@123, product=ZARA COAT 3, email=hambadolu123@gmail.com}]]>
              </value>
            </param>
          </params>
          <reporter-output>
          </reporter-output>
        </test-method> <!-- submitOrderTest -->
        <test-method is-config="true" signature="quitDriver()[pri:0, instance:souravcompany.tests.StandAloneTest@2d0399f4]" started-at="2025-11-02T20:25:22 IST" name="quitDriver" finished-at="2025-11-02T20:25:22 IST" duration-ms="35" status="PASS">
          <reporter-output>
          </reporter-output>
        </test-method> <!-- quitDriver -->
        <test-method is-config="true" signature="goToApp()[pri:0, instance:souravcompany.tests.StandAloneTest@2d0399f4]" started-at="2025-11-02T20:25:22 IST" name="goToApp" finished-at="2025-11-02T20:25:28 IST" duration-ms="5085" status="PASS">
          <reporter-output>
          </reporter-output>
        </test-method> <!-- goToApp -->
        <test-method signature="submitOrderTest(java.util.HashMap)[pri:0, instance:souravcompany.tests.StandAloneTest@2d0399f4]" started-at="2025-11-02T20:25:28 IST" name="submitOrderTest" data-provider="getTestData" finished-at="2025-11-02T20:25:34 IST" duration-ms="6330" status="PASS">
          <params>
            <param index="0">
              <value>
                <![CDATA[{password=Golumolu@123, product=ZARA COAT 3, email=golumolu@gmail.com}]]>
              </value>
            </param>
          </params>
          <reporter-output>
          </reporter-output>
        </test-method> <!-- submitOrderTest -->
        <test-method is-config="true" signature="quitDriver()[pri:0, instance:souravcompany.tests.StandAloneTest@2d0399f4]" started-at="2025-11-02T20:25:34 IST" name="quitDriver" finished-at="2025-11-02T20:25:34 IST" duration-ms="97" status="PASS">
          <reporter-output>
          </reporter-output>
        </test-method> <!-- quitDriver -->
      </class> <!-- souravcompany.tests.StandAloneTest -->
    </test> <!-- SubmitOrderScenarios -->
  </suite> <!-- Suite -->
</testng-results>
