<?xml version="1.0" encoding="UTF-8"?>
<testng-results ignored="0" total="4" passed="4" failed="0" skipped="0">
  <reporter-output>
  </reporter-output>
  <suite started-at="2025-11-30T12:35:03 IST" name="Suite" finished-at="2025-11-30T12:35:25 IST" duration-ms="22326">
    <groups>
    </groups>
    <test started-at="2025-11-30T12:35:03 IST" name="SubmitOrderScenarios" finished-at="2025-11-30T12:35:25 IST" duration-ms="22326">
      <class name="souravcompany.tests.StandAloneTest">
        <test-method is-config="true" signature="goToApp()[pri:0, instance:souravcompany.tests.StandAloneTest@2d0399f4]" started-at="2025-11-30T12:35:03 IST" name="goToApp" finished-at="2025-11-30T12:35:06 IST" duration-ms="3109" status="PASS">
          <reporter-output>
          </reporter-output>
        </test-method> <!-- goToApp -->
        <test-method signature="orderHistoryTest(java.util.HashMap)[pri:0, instance:souravcompany.tests.StandAloneTest@2d0399f4]" started-at="2025-11-30T12:35:06 IST" name="orderHistoryTest" data-provider="getTestData" finished-at="2025-11-30T12:35:07 IST" duration-ms="635" status="PASS">
          <params>
            <param index="0">
              <value>
                <![CDATA[{password=Hambadolu@123, product=ZARA COAT 3, email=hambadolu123@gmail.com}]]>
              </value>
            </param>
          </params>
          <reporter-output>
          </reporter-output>
        </test-method> <!-- orderHistoryTest -->
        <test-method is-config="true" signature="quitDriver()[pri:0, instance:souravcompany.tests.StandAloneTest@2d0399f4]" started-at="2025-11-30T12:35:07 IST" name="quitDriver" finished-at="2025-11-30T12:35:07 IST" duration-ms="84" status="PASS">
          <reporter-output>
          </reporter-output>
        </test-method> <!-- quitDriver -->
        <test-method is-config="true" signature="goToApp()[pri:0, instance:souravcompany.tests.StandAloneTest@2d0399f4]" started-at="2025-11-30T12:35:07 IST" name="goToApp" finished-at="2025-11-30T12:35:08 IST" duration-ms="1184" status="PASS">
          <reporter-output>
          </reporter-output>
        </test-method> <!-- goToApp -->
        <test-method signature="orderHistoryTest(java.util.HashMap)[pri:0, instance:souravcompany.tests.StandAloneTest@2d0399f4]" started-at="2025-11-30T12:35:08 IST" name="orderHistoryTest" data-provider="getTestData" finished-at="2025-11-30T12:35:09 IST" duration-ms="595" status="PASS">
          <params>
            <param index="0">
              <value>
                <![CDATA[{password=Golumolu@123, product=ZARA COAT 3, email=golumolu@gmail.com}]]>
              </value>
            </param>
          </params>
          <reporter-output>
          </reporter-output>
        </test-method> <!-- orderHistoryTest -->
        <test-method is-config="true" signature="quitDriver()[pri:0, instance:souravcompany.tests.StandAloneTest@2d0399f4]" started-at="2025-11-30T12:35:09 IST" name="quitDriver" finished-at="2025-11-30T12:35:09 IST" duration-ms="80" status="PASS">
          <reporter-output>
          </reporter-output>
        </test-method> <!-- quitDriver -->
        <test-method is-config="true" signature="goToApp()[pri:0, instance:souravcompany.tests.StandAloneTest@2d0399f4]" started-at="2025-11-30T12:35:09 IST" name="goToApp" finished-at="2025-11-30T12:35:10 IST" duration-ms="1185" status="PASS">
          <reporter-output>
          </reporter-output>
        </test-method> <!-- goToApp -->
        <test-method signature="submitOrderTest(java.util.HashMap)[pri:0, instance:souravcompany.tests.StandAloneTest@2d0399f4]" started-at="2025-11-30T12:35:10 IST" name="submitOrderTest" data-provider="getTestData" finished-at="2025-11-30T12:35:16 IST" duration-ms="6319" status="PASS">
          <params>
            <param index="0">
              <value>
                <![CDATA[{password=Hambadolu@123, product=ZARA COAT 3, email=hambadolu123@gmail.com}]]>
              </value>
            </param>
          </params>
          <reporter-output>
          </reporter-output>
        </test-method> <!-- submitOrderTest -->
        <test-method is-config="true" signature="quitDriver()[pri:0, instance:souravcompany.tests.StandAloneTest@2d0399f4]" started-at="2025-11-30T12:35:16 IST" name="quitDriver" finished-at="2025-11-30T12:35:16 IST" duration-ms="83" status="PASS">
          <reporter-output>
          </reporter-output>
        </test-method> <!-- quitDriver -->
        <test-method is-config="true" signature="goToApp()[pri:0, instance:souravcompany.tests.StandAloneTest@2d0399f4]" started-at="2025-11-30T12:35:16 IST" name="goToApp" finished-at="2025-11-30T12:35:19 IST" duration-ms="2664" status="PASS">
          <reporter-output>
          </reporter-output>
        </test-method> <!-- goToApp -->
        <test-method signature="submitOrderTest(java.util.HashMap)[pri:0, instance:souravcompany.tests.StandAloneTest@2d0399f4]" started-at="2025-11-30T12:35:19 IST" name="submitOrderTest" data-provider="getTestData" finished-at="2025-11-30T12:35:25 IST" duration-ms="6201" status="PASS">
          <params>
            <param index="0">
              <value>
                <![CDATA[{password=Golumolu@123, product=ZARA COAT 3, email=golumolu@gmail.com}]]>
              </value>
            </param>
          </params>
          <reporter-output>
          </reporter-output>
        </test-method> <!-- submitOrderTest -->
        <test-method is-config="true" signature="quitDriver()[pri:0, instance:souravcompany.tests.StandAloneTest@2d0399f4]" started-at="2025-11-30T12:35:25 IST" name="quitDriver" finished-at="2025-11-30T12:35:25 IST" duration-ms="38" status="PASS">
          <reporter-output>
          </reporter-output>
        </test-method> <!-- quitDriver -->
      </class> <!-- souravcompany.tests.StandAloneTest -->
    </test> <!-- SubmitOrderScenarios -->
  </suite> <!-- Suite -->
</testng-results>
