<?xml version="1.0" encoding="UTF-8"?>
<testng-results ignored="0" total="1" passed="1" failed="0" skipped="0">
  <reporter-output>
  </reporter-output>
  <suite started-at="2025-10-26T22:59:50 IST" name="Suite" finished-at="2025-10-26T23:00:02 IST" duration-ms="12464">
    <groups>
    </groups>
    <test started-at="2025-10-26T22:59:50 IST" name="ErrorScenarios" finished-at="2025-10-26T23:00:02 IST" duration-ms="12464">
      <class name="souravcompany.tests.ErrorScenarios">
        <test-method is-config="true" signature="goToApp()[pri:0, instance:souravcompany.tests.ErrorScenarios@4b1d6571]" started-at="2025-10-26T22:59:50 IST" name="goToApp" finished-at="2025-10-26T23:00:01 IST" duration-ms="11317" status="PASS">
          <reporter-output>
          </reporter-output>
        </test-method> <!-- goToApp -->
        <test-method signature="loginErrorCheck()[pri:0, instance:souravcompany.tests.ErrorScenarios@4b1d6571]" started-at="2025-10-26T23:00:01 IST" name="loginErrorCheck" finished-at="2025-10-26T23:00:02 IST" duration-ms="1023" status="PASS">
          <reporter-output>
          </reporter-output>
        </test-method> <!-- loginErrorCheck -->
        <test-method is-config="true" signature="quitDriver()[pri:0, instance:souravcompany.tests.ErrorScenarios@4b1d6571]" started-at="2025-10-26T23:00:02 IST" name="quitDriver" finished-at="2025-10-26T23:00:02 IST" duration-ms="98" status="PASS">
          <reporter-output>
          </reporter-output>
        </test-method> <!-- quitDriver -->
      </class> <!-- souravcompany.tests.ErrorScenarios -->
    </test> <!-- ErrorScenarios -->
  </suite> <!-- Suite -->
</testng-results>
