<?xml version="1.0" encoding="UTF-8"?>
<!-- Generated by org.testng.reporters.JUnitReportReporter -->
<testsuite hostname="DESKTOP-FOMRVA1" failures="0" tests="4" name="souravcompany.tests.StandAloneTest" time="25.281" errors="0" timestamp="2025-10-25T17:53:35 IST" skipped="0">
  <testcase classname="souravcompany.tests.StandAloneTest" name="submitOrder" time="9.525"/>
  <testcase classname="souravcompany.tests.StandAloneTest" name="submitOrder" time="9.202"/>
  <testcase classname="souravcompany.tests.StandAloneTest" name="orderHistoryTest" time="3.223"/>
  <testcase classname="souravcompany.tests.StandAloneTest" name="orderHistoryTest" time="3.331"/>
</testsuite> <!-- souravcompany.tests.StandAloneTest -->
