<?xml version="1.0" encoding="UTF-8"?>
<!-- Generated by org.testng.reporters.JUnitReportReporter -->
<testsuite hostname="DESKTOP-FOMRVA1" failures="0" tests="4" name="souravcompany.tests.StandAloneTest" time="31.151" errors="0" timestamp="2025-11-02T20:25:34 IST" skipped="0">
  <testcase classname="souravcompany.tests.StandAloneTest" name="submitOrderTest" time="10.046"/>
  <testcase classname="souravcompany.tests.StandAloneTest" name="submitOrderTest" time="7.604"/>
  <testcase classname="souravcompany.tests.StandAloneTest" name="orderHistoryTest" time="5.803"/>
  <testcase classname="souravcompany.tests.StandAloneTest" name="orderHistoryTest" time="7.698"/>
</testsuite> <!-- souravcompany.tests.StandAloneTest -->
