<?xml version="1.0" encoding="UTF-8"?>
<!-- Generated by org.testng.reporters.JUnitReportReporter -->
<testsuite hostname="DESKTOP-FOMRVA1" failures="0" tests="4" name="souravcompany.tests.StandAloneTest" time="22.177" errors="0" timestamp="2025-11-30T12:35:25 IST" skipped="0">
  <testcase classname="souravcompany.tests.StandAloneTest" name="orderHistoryTest" time="1.860"/>
  <testcase classname="souravcompany.tests.StandAloneTest" name="orderHistoryTest" time="1.902"/>
  <testcase classname="souravcompany.tests.StandAloneTest" name="submitOrderTest" time="9.067"/>
  <testcase classname="souravcompany.tests.StandAloneTest" name="submitOrderTest" time="9.348"/>
</testsuite> <!-- souravcompany.tests.StandAloneTest -->
